[2004.11.15]-(22:33:03)-----------==========[Start]==========----------
[2004.11.15]-(22:33:03)-[Bugger(B)::SInit]: ExitProcB = 0x019AD03C
[2004.11.15]-(22:33:03)-[Bugger(B)::SInit]: Installing ExitProc pointer... 
[2004.11.15]-(22:33:03)-[Bugger(B)::SInit]: ExitProcA = 0x019AD03C
[2004.11.15]-(22:33:03)-[Bugger(B)::SInit]: SaveExitAddress = 0x00000000
[2004.11.15]-(22:33:03)-[Bugger(B)::SInit]: Adding TerminateProc = 0x019A4684
[2004.11.15]-(22:33:03)-[Bugger(B)::BuggerInfo:@=(0x019A4264)]: ...Init... ->
[2004.11.15]-(22:33:03)-  Unit version is - (B)2004.11.12.02
[2004.11.15]-(22:33:03)-  DateTime is  = 2004, Ноябрь 15, понедельник, 22:33:03)
[2004.11.15]-(22:33:03)-  DEBUGFileName = "Z:\temp\$Print1c_(2004_11_15^22_33_03_Пн).log"
[2004.11.15]-(22:33:03)-  CurrentDir = "Z:\temp"
[2004.11.15]-(22:33:03)-[Bugger(B)::BuggerInfo:@=(0x019A4264)]: ...Init... <-
[2004.11.15]-(22:33:03)---------------------=< ... >=--------------------
[2004.11.15]-(22:33:03)-[SimplePrint::SInit]: ExitProcB = 0x019A445C
[2004.11.15]-(22:33:03)-[SimplePrint::SInit]: Installing ExitProc pointer... 
[2004.11.15]-(22:33:03)-[SimplePrint::LibInit:@=(0x019AA5B4)]: ->
[2004.11.15]-(22:33:03)-  [SimplePrint::LibInit]: Library ver. 1.3.2.7rc6 Debug (FBP) release
[2004.11.15]-(22:33:03)-[SimplePrint::LibInit:@=(0x019AA5B4)]: <-
[2004.11.15]-(22:33:03)-[SimplePrint::SInit]: ExitProcA = 0x019AA6D4
[2004.11.15]-(22:33:03)-[SimplePrint::SInit]: SaveExitAddress = 0x019A445C
[2004.11.15]-(22:33:03)-[MainModule::MainProc:@=(0x019AAB54)]: ->
[2004.11.15]-(22:33:03)-  [MainModule::MainProc]: ExitProcM = 0x019AD03C
[2004.11.15]-(22:33:03)-[MainModule::MainProc:@=(0x019AAB54)]: <-
[2004.11.15]-(22:33:03)-[dpl_prn::GetPrinterModeMetric]: Printer mode is inches.
