[2004.12.28]-(03:19:58)-  --------------------=< Let's run! >=--------------------
[2004.12.28]-(03:19:58)-  [kinode01::MainProgram]: ...
[2004.12.28]-(03:20:01)-> [ufInfo::LoadTicketInfo:@=(0x004FF1FC)]: ->
[2004.12.28]-(03:20:01)-    [ufInfo::LoadTicketInfo]: Iterating vInfo from 0 to 26
[2004.12.28]-(03:20:01)-    [ufInfo::LoadTicketInfo]: Caption = Итого на продажу, Sum 0
[2004.12.28]-(03:20:01)-    [ufInfo::LoadTicketInfo]: Caption = Помеченные места, Sum ---
[2004.12.28]-(03:20:01)-    [ufInfo::LoadTicketInfo]: Caption = Свободные места, Sum ---
[2004.12.28]-(03:20:01)-    [ufInfo::LoadTicketInfo]: Caption =  1:01 - "Взрослый", Sum 0
[2004.12.28]-(03:20:01)-    [ufInfo::LoadTicketInfo]: Caption =  1:02 - "Студенческий/Пенсионный", Sum 0
[2004.12.28]-(03:20:01)-    [ufInfo::LoadTicketInfo]: Caption =  1:03 - "Школьный", Sum 0
[2004.12.28]-(03:20:01)-    [ufInfo::LoadTicketInfo]: Caption =  3:14 - "Пригласительный", Sum 0
[2004.12.28]-(03:20:01)-    [ufInfo::LoadTicketInfo]: Caption =  7:18 - "Взрослый абонемент", Sum 0
[2004.12.28]-(03:20:01)-    [ufInfo::LoadTicketInfo]: Caption =  7:19 - "Студенческий абонемент", Sum 0
[2004.12.28]-(03:20:01)-    [ufInfo::LoadTicketInfo]: Caption =  7:20 - "Школьный абонемент", Sum 0
[2004.12.28]-(03:20:01)-    [ufInfo::LoadTicketInfo]: Caption =  1:04 - "Скидка 10%", Sum 0
[2004.12.28]-(03:20:01)-    [ufInfo::LoadTicketInfo]: Caption =  1:05 - "Скидка 20%", Sum 0
[2004.12.28]-(03:20:01)-    [ufInfo::LoadTicketInfo]: Caption =  1:06 - "Скидка 30%", Sum 0
[2004.12.28]-(03:20:01)-    [ufInfo::LoadTicketInfo]: Caption =  1:07 - "Скидка 40%", Sum 0
[2004.12.28]-(03:20:01)-    [ufInfo::LoadTicketInfo]: Caption =  1:08 - "Скидка 50%", Sum 0
[2004.12.28]-(03:20:01)-    [ufInfo::LoadTicketInfo]: Caption =  1:09 - "Скидка специальная", Sum 0
[2004.12.28]-(03:20:01)-    [ufInfo::LoadTicketInfo]: Caption =  2:10 - "Скидка групповая 1", Sum 0
[2004.12.28]-(03:20:01)-    [ufInfo::LoadTicketInfo]: Caption =  2:11 - "Скидка групповая 2", Sum 0
[2004.12.28]-(03:20:01)-    [ufInfo::LoadTicketInfo]: Caption =  2:12 - "Скидка групповая 3", Sum 0
[2004.12.28]-(03:20:01)-    [ufInfo::LoadTicketInfo]: Caption =  2:13 - "Скидка групповая 4", Sum 0
[2004.12.28]-(03:20:01)-    [ufInfo::LoadTicketInfo]: Caption =  5:16 - "VIP карточка (именная)", Sum 0
[2004.12.28]-(03:20:01)-    [ufInfo::LoadTicketInfo]: Caption = Итого по брони, Sum 0
[2004.12.28]-(03:20:01)-    [ufInfo::LoadTicketInfo]: Caption = Итого по постерминалу, Sum 0
[2004.12.28]-(03:20:01)-    [ufInfo::LoadTicketInfo]: Caption = Итого по наличности, Sum 0
[2004.12.28]-(03:20:01)-    [ufInfo::LoadTicketInfo]: Caption = Итого по всем, Sum 0
[2004.12.28]-(03:20:01)-< [ufInfo::LoadTicketInfo:@=(0x004FF1FC)]: <-
[2004.12.28]-(03:20:01)-  [ufInfo::WMSysCommand]: Msg.WParam(CmdType) = 61488
[2004.12.28]-(03:20:01)-  [ufInfo::WMSysCommand]: Msg.LParam(Various) = 11797569
[2004.12.28]-(03:20:01)-  [ufInfo::WMSysCommand]: CmdType = SC_MAXIMIZE
[2004.12.28]-(03:20:02)-  [ufInfo::WMSysCommand]: Msg.WParam(CmdType) = 61488
[2004.12.28]-(03:20:02)-  [ufInfo::WMSysCommand]: Msg.LParam(Various) = 11797569
[2004.12.28]-(03:20:02)-  [ufInfo::WMSysCommand]: CmdType = SC_MAXIMIZE
[2004.12.28]-(03:20:06)-  [ufInfo::WMSysCommand]: Msg.WParam(CmdType) = 61488
[2004.12.28]-(03:20:06)-  [ufInfo::WMSysCommand]: Msg.LParam(Various) = 11797569
[2004.12.28]-(03:20:06)-  [ufInfo::WMSysCommand]: CmdType = SC_MAXIMIZE
[2004.12.28]-(03:20:07)-  [ufInfo::WMSysCommand]: Msg.WParam(CmdType) = 61488
[2004.12.28]-(03:20:07)-  [ufInfo::WMSysCommand]: Msg.LParam(Various) = 11797569
[2004.12.28]-(03:20:07)-  [ufInfo::WMSysCommand]: CmdType = SC_MAXIMIZE
[2004.12.28]-(03:20:10)-  [ufInfo::WMSysCommand]: Msg.WParam(CmdType) = 61458
[2004.12.28]-(03:20:10)-  [ufInfo::WMSysCommand]: Msg.LParam(Various) = 12256269
[2004.12.28]-(03:20:10)-  [ufInfo::WMSysCommand]: Msg.WParam(CmdType) = 61490
[2004.12.28]-(03:20:10)-  [ufInfo::WMSysCommand]: Msg.LParam(Various) = 12256269
[2004.12.28]-(03:20:12)-  [ufInfo::WMSysCommand]: Msg.WParam(CmdType) = 61458
[2004.12.28]-(03:20:12)-  [ufInfo::WMSysCommand]: Msg.LParam(Various) = 2097436
[2004.12.28]-(03:20:12)-  [ufInfo::WMSysCommand]: Msg.WParam(CmdType) = 61730
[2004.12.28]-(03:20:12)-  [ufInfo::WMSysCommand]: Msg.LParam(Various) = 2097436
[2004.12.28]-(03:20:13)-  [ufInfo::WMSysCommand]: Msg.WParam(CmdType) = 61458
[2004.12.28]-(03:20:13)-  [ufInfo::WMSysCommand]: Msg.LParam(Various) = 12059466
[2004.12.28]-(03:20:13)-  [ufInfo::WMSysCommand]: Msg.WParam(CmdType) = 61490
[2004.12.28]-(03:20:13)-  [ufInfo::WMSysCommand]: Msg.LParam(Various) = 12059466
[2004.12.28]-(03:20:14)-  [ufInfo::WMSysCommand]: Msg.WParam(CmdType) = 61458
[2004.12.28]-(03:20:14)-  [ufInfo::WMSysCommand]: Msg.LParam(Various) = 2359577
[2004.12.28]-(03:20:14)-  [ufInfo::WMSysCommand]: Msg.WParam(CmdType) = 61730
[2004.12.28]-(03:20:14)-  [ufInfo::WMSysCommand]: Msg.LParam(Various) = 2359577
[2004.12.28]-(03:20:18)-  [ufInfo::WMSysCommand]: Msg.WParam(CmdType) = 61488
[2004.12.28]-(03:20:18)-  [ufInfo::WMSysCommand]: Msg.LParam(Various) = 17499012
[2004.12.28]-(03:20:18)-  [ufInfo::WMSysCommand]: CmdType = SC_MAXIMIZE
[2004.12.28]-(03:20:21)-  [ufInfo::WMSysCommand]: Msg.WParam(CmdType) = 61488
[2004.12.28]-(03:20:21)-  [ufInfo::WMSysCommand]: Msg.LParam(Various) = 17564573
[2004.12.28]-(03:20:21)-  [ufInfo::WMSysCommand]: CmdType = SC_MAXIMIZE
[2004.12.28]-(03:20:23)-  [ufInfo::WMSysCommand]: Msg.WParam(CmdType) = 61488
[2004.12.28]-(03:20:23)-  [ufInfo::WMSysCommand]: Msg.LParam(Various) = 17171383
[2004.12.28]-(03:20:23)-  [ufInfo::WMSysCommand]: CmdType = SC_MAXIMIZE
[2004.12.28]-(03:20:25)-  [ufInfo::WMSysCommand]: Msg.WParam(CmdType) = 61488
[2004.12.28]-(03:20:25)-  [ufInfo::WMSysCommand]: Msg.LParam(Various) = 17499079
[2004.12.28]-(03:20:25)-  [ufInfo::WMSysCommand]: CmdType = SC_MAXIMIZE
[2004.12.28]-(03:20:27)-  [ufInfo::WMSysCommand]: Msg.WParam(CmdType) = 61536
[2004.12.28]-(03:20:27)-  [ufInfo::WMSysCommand]: Msg.LParam(Various) = 11928660
[2004.12.28]-(03:20:27)-> [ufMain::FormActivate:@=(0x0055F4FC)]: ->
[2004.12.28]-(03:20:27)-    [uhCommon::GetHostInfoEx]: HostName = (maxat)
[2004.12.28]-(03:20:27)-    [uhCommon::GetHostInfoEx]: HostAddress = [192.168.187.1]
[2004.12.28]-(03:20:27)-    [uhCommon::GetHostInfoEx]: HostAddr = 0x01BBA8C0
[2004.12.28]-(03:20:27)-< [ufMain::FormActivate:@=(0x0055F4FC)]: <-
